2026-04-21 10:21:25 | INFO     | main | ╔══════════════════════════════════════════════════════╗
2026-04-21 10:21:25 | INFO     | main | ║   GLUCOSE ML PIPELINE — Pandas + sklearn + XGBoost  ║
2026-04-21 10:21:25 | INFO     | main | ╚══════════════════════════════════════════════════════╝
2026-04-21 10:21:25 | INFO     | GlucoseDataLoader | Carregando: Teste_ML_balanceado.csv
2026-04-21 10:22:04 | INFO     | main | ╔══════════════════════════════════════════════════════╗
2026-04-21 10:22:04 | INFO     | main | ║   GLUCOSE ML PIPELINE — Pandas + sklearn + XGBoost  ║
2026-04-21 10:22:04 | INFO     | main | ╚══════════════════════════════════════════════════════╝
2026-04-21 10:22:04 | INFO     | GlucoseDataLoader | Carregando: Teste_ML_balanceado.csv
2026-04-21 10:22:04 | INFO     | GlucoseDataLoader | Sem valores ausentes.
2026-04-21 10:22:04 | INFO     | GlucoseDataLoader | Shape: (500, 13) | Colunas: ['data', 'passos', 'sono_horas', 'humor', 'kcal', 'carboidrato', 'proteina', 'gordura', 'agua_ml', 'treino', 'deficit_kcal', 'glicose', 'classe_glicose']
2026-04-21 10:22:04 | INFO     | FeatureEngineer | Features (10): ['passos', 'sono_horas', 'humor', 'kcal', 'carboidrato', 'proteina', 'gordura', 'agua_ml', 'treino', 'deficit_kcal']
2026-04-21 10:22:04 | INFO     | FeatureEngineer | Sem multicolinearidade acima de 0.85.
2026-04-21 10:22:05 | INFO     | RegressionComparator | Split: 400 treino | 100 teste
2026-04-21 10:22:05 | INFO     | RegressionComparator | ─── Treinando Regressão: GBT ───
2026-04-21 10:22:33 | INFO     | RegressionComparator | GBT → R²=0.8995 | RMSE=4.2221 | MAE=3.6111
2026-04-21 10:22:33 | INFO     | RegressionComparator | ─── Treinando Regressão: XGBoost ───
2026-04-21 10:22:37 | INFO     | RegressionComparator | XGBoost → R²=0.9053 | RMSE=4.0980 | MAE=3.5138
2026-04-21 10:22:37 | INFO     | RegressionComparator | ─── Treinando Regressão: RandomForest ───
2026-04-21 10:22:55 | INFO     | RegressionComparator | RandomForest → R²=0.8759 | RMSE=4.6925 | MAE=4.0583
2026-04-21 10:22:55 | INFO     | RegressionComparator | 🏆 MELHOR REGRESSÃO: XGBoost (R²=0.9053)
2026-04-21 10:22:55 | INFO     | ClassificationComparator | Distribuição de classes:
glicose
elevado    283
normal     180
alto        37
2026-04-21 10:22:55 | INFO     | ClassificationComparator | ─── Treinando Classificação: RandomForest ───
2026-04-21 10:23:07 | INFO     | ClassificationComparator | RandomForest → Acc=0.8600 | F1=0.8372 | AUC=0.9547
2026-04-21 10:23:07 | INFO     | ClassificationComparator | ─── Treinando Classificação: XGBoost ───
2026-04-21 10:23:12 | INFO     | ClassificationComparator | XGBoost → Acc=0.8300 | F1=0.7644 | AUC=0.9496
2026-04-21 10:23:12 | INFO     | ClassificationComparator | ─── Treinando Classificação: LogisticRegression ───
2026-04-21 10:23:14 | INFO     | ClassificationComparator | LogisticRegression → Acc=0.8600 | F1=0.8276 | AUC=0.9694
2026-04-21 10:23:14 | INFO     | ClassificationComparator | 🏆 MELHOR CLASSIFICAÇÃO: RandomForest (Acc=0.8600)
2026-04-21 10:23:15 | INFO     | ModelVisualizer | Salvo: comparacao_regressao.png
2026-04-21 10:23:16 | INFO     | ModelVisualizer | Salvo: comparacao_classificacao.png
2026-04-21 10:23:18 | INFO     | ModelVisualizer | Salvo: residuos_melhor_regressor.png
2026-04-21 10:23:19 | INFO     | ModelVisualizer | Salvo: importancia_features_regressao.png
2026-04-21 10:23:19 | INFO     | ModelVisualizer | Salvo: matriz_confusao.png
2026-04-21 10:23:20 | INFO     | ModelVisualizer | Salvo: curvas_roc.png
2026-04-21 10:23:23 | INFO     | ModelVisualizer | Salvo: importancia_features_classificacao.png
2026-04-21 10:30:14 | INFO     | main | ╔══════════════════════════════════════════════════════╗
2026-04-21 10:30:14 | INFO     | main | ║   GLUCOSE ML PIPELINE — Pandas + sklearn + XGBoost  ║
2026-04-21 10:30:14 | INFO     | main | ╚══════════════════════════════════════════════════════╝
2026-04-21 10:30:14 | INFO     | GlucoseDataLoader | Carregando: Teste_ML_balanceado.csv
2026-04-21 10:30:14 | INFO     | GlucoseDataLoader | Sem valores ausentes.
2026-04-21 10:30:14 | INFO     | GlucoseDataLoader | Shape: (500, 13) | Colunas: ['data', 'passos', 'sono_horas', 'humor', 'kcal', 'carboidrato', 'proteina', 'gordura', 'agua_ml', 'treino', 'deficit_kcal', 'glicose', 'classe_glicose']
2026-04-21 10:30:14 | INFO     | FeatureEngineer | Features (10): ['passos', 'sono_horas', 'humor', 'kcal', 'carboidrato', 'proteina', 'gordura', 'agua_ml', 'treino', 'deficit_kcal']
2026-04-21 10:30:14 | INFO     | FeatureEngineer | Sem multicolinearidade acima de 0.85.
2026-04-21 10:30:17 | INFO     | RegressionComparator | Split: 400 treino | 100 teste
2026-04-21 10:30:17 | INFO     | RegressionComparator | ─── Treinando Regressão: GBT ───
2026-04-21 10:30:40 | INFO     | RegressionComparator | GBT → R²=0.8995 | RMSE=4.2221 | MAE=3.6111
2026-04-21 10:30:40 | INFO     | RegressionComparator | ─── Treinando Regressão: XGBoost ───
2026-04-21 10:30:45 | INFO     | RegressionComparator | XGBoost → R²=0.9053 | RMSE=4.0980 | MAE=3.5138
2026-04-21 10:30:45 | INFO     | RegressionComparator | ─── Treinando Regressão: RandomForest ───
2026-04-21 10:31:05 | INFO     | RegressionComparator | RandomForest → R²=0.8759 | RMSE=4.6925 | MAE=4.0583
2026-04-21 10:31:05 | INFO     | RegressionComparator | 🏆 MELHOR REGRESSÃO: XGBoost (R²=0.9053)
2026-04-21 10:31:05 | INFO     | ClassificationComparator | Distribuição de classes:
glicose
elevado    283
normal     180
alto        37
2026-04-21 10:31:05 | INFO     | ClassificationComparator | ─── Treinando Classificação: RandomForest ───
2026-04-21 10:31:17 | INFO     | ClassificationComparator | RandomForest → Acc=0.8600 | F1=0.8372 | AUC=0.9547
2026-04-21 10:31:17 | INFO     | ClassificationComparator | ─── Treinando Classificação: XGBoost ───
2026-04-21 10:31:23 | INFO     | ClassificationComparator | XGBoost → Acc=0.8300 | F1=0.7644 | AUC=0.9496
2026-04-21 10:31:23 | INFO     | ClassificationComparator | ─── Treinando Classificação: LogisticRegression ───
2026-04-21 10:31:25 | INFO     | ClassificationComparator | LogisticRegression → Acc=0.8600 | F1=0.8276 | AUC=0.9694
2026-04-21 10:31:25 | INFO     | ClassificationComparator | 🏆 MELHOR CLASSIFICAÇÃO: RandomForest (Acc=0.8600)
2026-04-21 10:31:26 | INFO     | ModelVisualizer | Salvo: comparacao_regressao.png
2026-04-21 10:31:27 | INFO     | ModelVisualizer | Salvo: comparacao_classificacao.png
2026-04-21 10:31:27 | INFO     | ModelVisualizer | Salvo: comparacao_classificacao.png
2026-04-21 10:31:27 | INFO     | ModelVisualizer | Salvo: comparacao_classificacao.png
2026-04-21 10:31:29 | INFO     | ModelVisualizer | Salvo: residuos_melhor_regressor.png
2026-04-21 10:31:30 | INFO     | ModelVisualizer | Salvo: importancia_features_regressao.png
2026-04-21 10:31:30 | INFO     | ModelVisualizer | Salvo: matriz_confusao.png
2026-04-21 10:31:31 | INFO     | ModelVisualizer | Salvo: curvas_roc.png
2026-04-21 10:31:34 | INFO     | ModelVisualizer | Salvo: importancia_features_classificacao.png
2026-04-21 10:31:36 | INFO     | ModelVisualizer | Salvo: dashboard_final.png
